<?xml version="1.0" encoding="UTF-8"?>
<!-- Generated by org.testng.reporters.JUnitReportReporter -->
<testsuite name="com.course.cases.UpdateUserInfoTest" tests="2" time="4.184" ignored="0" failures="0" timestamp="30 May 2019 14:59:16 GMT" skipped="0" hostname="Kerry_Amy-PC" errors="0">
  <testcase name="updateUserInfo" time="2.120" classname="com.course.cases.UpdateUserInfoTest"/>
  <testcase name="deleteUser" time="2.064" classname="com.course.cases.UpdateUserInfoTest"/>
</testsuite> <!-- com.course.cases.UpdateUserInfoTest -->
