<?xml version="1.0" encoding="UTF-8"?>
<!-- Generated by org.testng.reporters.JUnitReportReporter -->
<testsuite name="com.course.cases.GetUserInfoListTest" tests="1" time="2.061" ignored="0" failures="0" timestamp="30 May 2019 14:59:16 GMT" skipped="0" hostname="Kerry_Amy-PC" errors="0">
  <testcase name="getUserListInfo" time="2.061" classname="com.course.cases.GetUserInfoListTest"/>
</testsuite> <!-- com.course.cases.GetUserInfoListTest -->
