<?xml version="1.0" encoding="UTF-8"?>
<!-- Generated by org.testng.reporters.JUnitReportReporter -->
<testsuite name="com.course.cases.LoginTest" tests="2" time="1.957" ignored="0" failures="0" timestamp="30 May 2019 14:59:16 GMT" skipped="0" hostname="Kerry_Amy-PC" errors="0">
  <testcase name="loginTrue" time="1.871" classname="com.course.cases.LoginTest"/>
  <testcase name="loginFalse" time="0.086" classname="com.course.cases.LoginTest"/>
</testsuite> <!-- com.course.cases.LoginTest -->
