<?xml version="1.0" encoding="UTF-8" ?>
<testsuite tests="7" failures="1" name="TestSuite" time="22.313" errors="0" skipped="0">
  <properties>
    <property name="java.runtime.name" value="Java(TM) SE Runtime Environment"/>
    <property name="sun.boot.library.path" value="C:\Program Files (x86)\Java\jdk1.8.0_152\jre\bin"/>
    <property name="java.vm.version" value="25.152-b16"/>
    <property name="java.vm.vendor" value="Oracle Corporation"/>
    <property name="java.vendor.url" value="http://java.oracle.com/"/>
    <property name="path.separator" value=";"/>
    <property name="java.vm.name" value="Java HotSpot(TM) Client VM"/>
    <property name="file.encoding.pkg" value="sun.io"/>
    <property name="user.script" value=""/>
    <property name="user.country" value="CN"/>
    <property name="sun.java.launcher" value="SUN_STANDARD"/>
    <property name="sun.os.patch.level" value="Service Pack 1"/>
    <property name="java.vm.specification.name" value="Java Virtual Machine Specification"/>
    <property name="user.dir" value="C:\Users\Kerry_Amy\workspace\muke\Auto_Test01\Chapter121"/>
    <property name="java.runtime.version" value="1.8.0_152-b16"/>
    <property name="java.awt.graphicsenv" value="sun.awt.Win32GraphicsEnvironment"/>
    <property name="basedir" value="C:\Users\Kerry_Amy\workspace\muke\Auto_Test01\Chapter121"/>
    <property name="java.endorsed.dirs" value="C:\Program Files (x86)\Java\jdk1.8.0_152\jre\lib\endorsed"/>
    <property name="os.arch" value="x86"/>
    <property name="surefire.real.class.path" value="C:\Users\Kerry_Amy\workspace\muke\Auto_Test01\Chapter121\target\surefire\surefirebooter8903504852499107245.jar"/>
    <property name="java.io.tmpdir" value="C:\Users\KERRY_~1\AppData\Local\Temp\"/>
    <property name="line.separator" value="
"/>
    <property name="java.vm.specification.vendor" value="Oracle Corporation"/>
    <property name="user.variant" value=""/>
    <property name="os.name" value="Windows 7"/>
    <property name="sun.jnu.encoding" value="GBK"/>
    <property name="java.library.path" value="C:\Program Files (x86)\Java\jdk1.8.0_152\jre\bin;C:\Windows\Sun\Java\bin;C:\Windows\system32;C:\Windows;C:\Program Files (x86)\Java\jdk1.8.0_152\bin;C:\Program Files (x86)\Java\jdk1.8.0_152\jre\binC:\ProgramData\Oracle\Java\javapath;C:\Windows\system32;C:\Windows;C:\Windows\System32\Wbem;C:\Windows\System32\WindowsPowerShell\v1.0\;C:\Python34;C:\Python27;C:\Python27\Scripts;C:\Python34\Scripts;C:\Program Files (x86)\ATI Technologies\ATI.ACE\Core-Static;D:\测试资料\工具\apache-jmeter-3.0\bin;D:\测试资料\工具\apache-jmeter-3.0\lib;C:\Users\Kerry_Amy\apache-maven-3.6.0\bin\;C:\Program Files\Git\cmd;C:\Users\Kerry_Amy\AppData\Local\Programs\Fiddler;."/>
    <property name="surefire.test.class.path" value="C:\Users\Kerry_Amy\workspace\muke\Auto_Test01\Chapter121\target\test-classes;C:\Users\Kerry_Amy\workspace\muke\Auto_Test01\Chapter121\target\classes;C:\Users\Kerry_Amy\.m2\repository\org\apache\httpcomponents\httpclient\4.1.2\httpclient-4.1.2.jar;C:\Users\Kerry_Amy\.m2\repository\org\apache\httpcomponents\httpcore\4.1.2\httpcore-4.1.2.jar;C:\Users\Kerry_Amy\.m2\repository\commons-logging\commons-logging\1.1.1\commons-logging-1.1.1.jar;C:\Users\Kerry_Amy\.m2\repository\commons-codec\commons-codec\1.4\commons-codec-1.4.jar;C:\Users\Kerry_Amy\.m2\repository\org\json\json\20170516\json-20170516.jar;C:\Users\Kerry_Amy\.m2\repository\org\mybatis\mybatis\3.4.4\mybatis-3.4.4.jar;C:\Users\Kerry_Amy\.m2\repository\mysql\mysql-connector-java\5.1.6\mysql-connector-java-5.1.6.jar;C:\Users\Kerry_Amy\.m2\repository\org\projectlombok\lombok\1.16.14\lombok-1.16.14.jar;C:\Users\Kerry_Amy\.m2\repository\com\relevantcodes\extentreports\2.41.1\extentreports-2.41.1.jar;C:\Users\Kerry_Amy\.m2\repository\org\jsoup\jsoup\1.8.3\jsoup-1.8.3.jar;C:\Users\Kerry_Amy\.m2\repository\org\xerial\sqlite-jdbc\3.8.11.1\sqlite-jdbc-3.8.11.1.jar;C:\Users\Kerry_Amy\.m2\repository\org\freemarker\freemarker\2.3.23\freemarker-2.3.23.jar;C:\Users\Kerry_Amy\.m2\repository\org\mongodb\mongodb-driver\3.0.4\mongodb-driver-3.0.4.jar;C:\Users\Kerry_Amy\.m2\repository\org\mongodb\bson\3.0.4\bson-3.0.4.jar;C:\Users\Kerry_Amy\.m2\repository\org\mongodb\mongodb-driver-core\3.0.4\mongodb-driver-core-3.0.4.jar;C:\Users\Kerry_Amy\.m2\repository\com\vimalselvam\testng-extentsreport\1.3.1\testng-extentsreport-1.3.1.jar;C:\Users\Kerry_Amy\.m2\repository\com\google\guava\guava\20.0\guava-20.0.jar;C:\Users\Kerry_Amy\.m2\repository\com\aventstack\extentreports\3.0.6\extentreports-3.0.6.jar;C:\Users\Kerry_Amy\.m2\repository\org\apache\httpcomponents\httpmime\4.5.2\httpmime-4.5.2.jar;C:\Users\Kerry_Amy\.m2\repository\org\testng\testng\6.10\testng-6.10.jar;C:\Users\Kerry_Amy\.m2\repository\com\beust\jcommander\1.48\jcommander-1.48.jar;"/>
    <property name="java.specification.name" value="Java Platform API Specification"/>
    <property name="java.class.version" value="52.0"/>
    <property name="sun.management.compiler" value="HotSpot Client Compiler"/>
    <property name="os.version" value="6.1"/>
    <property name="user.home" value="C:\Users\Kerry_Amy"/>
    <property name="user.timezone" value="Asia/Shanghai"/>
    <property name="java.awt.printerjob" value="sun.awt.windows.WPrinterJob"/>
    <property name="java.specification.version" value="1.8"/>
    <property name="file.encoding" value="GBK"/>
    <property name="user.name" value="Kerry_Amy"/>
    <property name="java.class.path" value="C:\Users\Kerry_Amy\workspace\muke\Auto_Test01\Chapter121\target\test-classes;C:\Users\Kerry_Amy\workspace\muke\Auto_Test01\Chapter121\target\classes;C:\Users\Kerry_Amy\.m2\repository\org\apache\httpcomponents\httpclient\4.1.2\httpclient-4.1.2.jar;C:\Users\Kerry_Amy\.m2\repository\org\apache\httpcomponents\httpcore\4.1.2\httpcore-4.1.2.jar;C:\Users\Kerry_Amy\.m2\repository\commons-logging\commons-logging\1.1.1\commons-logging-1.1.1.jar;C:\Users\Kerry_Amy\.m2\repository\commons-codec\commons-codec\1.4\commons-codec-1.4.jar;C:\Users\Kerry_Amy\.m2\repository\org\json\json\20170516\json-20170516.jar;C:\Users\Kerry_Amy\.m2\repository\org\mybatis\mybatis\3.4.4\mybatis-3.4.4.jar;C:\Users\Kerry_Amy\.m2\repository\mysql\mysql-connector-java\5.1.6\mysql-connector-java-5.1.6.jar;C:\Users\Kerry_Amy\.m2\repository\org\projectlombok\lombok\1.16.14\lombok-1.16.14.jar;C:\Users\Kerry_Amy\.m2\repository\com\relevantcodes\extentreports\2.41.1\extentreports-2.41.1.jar;C:\Users\Kerry_Amy\.m2\repository\org\jsoup\jsoup\1.8.3\jsoup-1.8.3.jar;C:\Users\Kerry_Amy\.m2\repository\org\xerial\sqlite-jdbc\3.8.11.1\sqlite-jdbc-3.8.11.1.jar;C:\Users\Kerry_Amy\.m2\repository\org\freemarker\freemarker\2.3.23\freemarker-2.3.23.jar;C:\Users\Kerry_Amy\.m2\repository\org\mongodb\mongodb-driver\3.0.4\mongodb-driver-3.0.4.jar;C:\Users\Kerry_Amy\.m2\repository\org\mongodb\bson\3.0.4\bson-3.0.4.jar;C:\Users\Kerry_Amy\.m2\repository\org\mongodb\mongodb-driver-core\3.0.4\mongodb-driver-core-3.0.4.jar;C:\Users\Kerry_Amy\.m2\repository\com\vimalselvam\testng-extentsreport\1.3.1\testng-extentsreport-1.3.1.jar;C:\Users\Kerry_Amy\.m2\repository\com\google\guava\guava\20.0\guava-20.0.jar;C:\Users\Kerry_Amy\.m2\repository\com\aventstack\extentreports\3.0.6\extentreports-3.0.6.jar;C:\Users\Kerry_Amy\.m2\repository\org\apache\httpcomponents\httpmime\4.5.2\httpmime-4.5.2.jar;C:\Users\Kerry_Amy\.m2\repository\org\testng\testng\6.10\testng-6.10.jar;C:\Users\Kerry_Amy\.m2\repository\com\beust\jcommander\1.48\jcommander-1.48.jar;"/>
    <property name="java.vm.specification.version" value="1.8"/>
    <property name="sun.arch.data.model" value="32"/>
    <property name="java.home" value="C:\Program Files (x86)\Java\jdk1.8.0_152\jre"/>
    <property name="sun.java.command" value="C:\Users\Kerry_Amy\workspace\muke\Auto_Test01\Chapter121\target\surefire\surefirebooter8903504852499107245.jar C:\Users\Kerry_Amy\workspace\muke\Auto_Test01\Chapter121\target\surefire\surefire5660268751914362278tmp C:\Users\Kerry_Amy\workspace\muke\Auto_Test01\Chapter121\target\surefire\surefire7677186348243354267tmp"/>
    <property name="java.specification.vendor" value="Oracle Corporation"/>
    <property name="user.language" value="zh"/>
    <property name="awt.toolkit" value="sun.awt.windows.WToolkit"/>
    <property name="java.vm.info" value="mixed mode"/>
    <property name="java.version" value="1.8.0_152"/>
    <property name="java.ext.dirs" value="C:\Program Files (x86)\Java\jdk1.8.0_152\jre\lib\ext;C:\Windows\Sun\Java\lib\ext"/>
    <property name="sun.boot.class.path" value="C:\Program Files (x86)\Java\jdk1.8.0_152\jre\lib\resources.jar;C:\Program Files (x86)\Java\jdk1.8.0_152\jre\lib\rt.jar;C:\Program Files (x86)\Java\jdk1.8.0_152\jre\lib\sunrsasign.jar;C:\Program Files (x86)\Java\jdk1.8.0_152\jre\lib\jsse.jar;C:\Program Files (x86)\Java\jdk1.8.0_152\jre\lib\jce.jar;C:\Program Files (x86)\Java\jdk1.8.0_152\jre\lib\charsets.jar;C:\Program Files (x86)\Java\jdk1.8.0_152\jre\lib\jfr.jar;C:\Program Files (x86)\Java\jdk1.8.0_152\jre\classes"/>
    <property name="java.vendor" value="Oracle Corporation"/>
    <property name="localRepository" value="C:\Users\Kerry_Amy\.m2\repository"/>
    <property name="file.separator" value="\"/>
    <property name="java.vendor.url.bug" value="http://bugreport.sun.com/bugreport/"/>
    <property name="sun.cpu.endian" value="little"/>
    <property name="sun.io.unicode.encoding" value="UnicodeLittle"/>
    <property name="sun.desktop" value="windows"/>
    <property name="sun.cpu.isalist" value=""/>
  </properties>
  <testcase classname="com.course.cases.LoginTest" name="loginTrue" time="1.87"/>
  <testcase classname="com.course.cases.LoginTest" name="loginFalse" time="0.087"/>
  <testcase classname="com.course.cases.AddUserTest" name="addUser" time="10.083">
    <failure message="Expected one result (or null) to be returned by selectOne(), but found: 4" type="org.apache.ibatis.exceptions.TooManyResultsException">org.apache.ibatis.exceptions.TooManyResultsException: Expected one result (or null) to be returned by selectOne(), but found: 4
	at org.apache.ibatis.session.defaults.DefaultSqlSession.selectOne(DefaultSqlSession.java:81)
	at com.course.cases.AddUserTest.addUser(AddUserTest.java:39)
</failure>
    <system-out>AddUserCase(userName=bbbbb, password=123456, sex=0, age=20, permission=0, isDelete=0, expected=true)
http://localhost:8888/v1/addUser
true
</system-out>
  </testcase>
  <testcase classname="com.course.cases.GetUserInfoTest" name="getUserInfo" time="2.071"/>
  <testcase classname="com.course.cases.UpdateUserInfoTest" name="updateUserInfo" time="2.12"/>
  <testcase classname="com.course.cases.UpdateUserInfoTest" name="deleteUser" time="2.065"/>
  <testcase classname="com.course.cases.GetUserInfoListTest" name="getUserListInfo" time="2.061"/>
</testsuite>